<?xml version="1.0" encoding="UTF-8"?>
<!-- Generated by org.testng.reporters.JUnitReportReporter -->
<testsuite hostname="LAPTOP-CRFBHCCR" failures="0" tests="2" name="app.test.LoginTest" time="11.139" errors="0" timestamp="2023-07-21T11:20:42 IST" skipped="0">
  <testcase classname="app.test.LoginTest" name="testLoginSuccess" time="4.140">
    <system-out>
      <![CDATA[inside testLoginSuccess
Went to home Page
Went to Login Page
Sending correct credentials
Went to Dashboard
Logging out
Went back to Home]]>
    </system-out>
  </testcase> <!-- testLoginSuccess -->
  <testcase classname="app.test.LoginTest" name="testLoginFailure" time="6.999">
    <system-out>
      <![CDATA[inside testLoginFailure
Went to home Page
Went to Login Page
Sending incorrect credentials
Remaining back on login page]]>
    </system-out>
  </testcase> <!-- testLoginFailure -->
  <system-out>
    <![CDATA[inside testRegisterFailure
Went to home Page
Went to Register Page
Providing existing email
Registration not done
Remainining on Register Page
inside testRegisterSuccess
Went to home Page
Providing new email
Went to home page
New User Registration - DONE
inside testLoginFailure
Went to home Page
Went to Login Page
Sending incorrect credentials
Remaining back on login page
inside testLoginSuccess
Went to home Page
Went to Login Page
Sending correct credentials
Went to Dashboard
Logging out
Went back to Home
inside testSearchAndCart
Went to home Page
Went to Login Page
Sending correct credentials
Went to Dashboard
Sending a part of item name to get item names that contain this part
Displaying the items which contain the part - note in them
Adding Spiral Notebook to cart
Removing Spiral Notebook from cart
Logging out
Went back to Home]]>
  </system-out>
</testsuite> <!-- app.test.LoginTest -->
